<?xml version="1.0" encoding="UTF-8"?>
<!-- Generated by org.testng.reporters.JUnitReportReporter -->
<testsuite hostname="clix-Inspiron-7560" failures="0" tests="3" name="TestCases.BookID_GET_Request" time="0.358" errors="0" timestamp="2021-12-07T15:07:54 IST" skipped="0">
  <testcase classname="TestCases.BookID_GET_Request" name="getVerifyResponseBody" time="0.356"/>
  <system-out/>
  <testcase classname="TestCases.BookID_GET_Request" name="getVerifyResponseHeader" time="0.001"/>
  <system-out/>
  <testcase classname="TestCases.BookID_GET_Request" name="getVerifyStatusCode" time="0.001"/>
  <system-out/>
</testsuite> <!-- TestCases.BookID_GET_Request -->
