<?xml version="1.0" encoding="UTF-8"?>
<!-- Generated by org.testng.reporters.JUnitReportReporter -->
<testsuite hostname="clix-Inspiron-7560" failures="0" tests="3" name="Activities.Activities_DELETE_Request" time="0.002" errors="0" timestamp="2021-12-08T22:21:59 IST" skipped="0">
  <testcase classname="Activities.Activities_DELETE_Request" name="getVerifyResponseHeader" time="0.001"/>
  <system-out/>
  <testcase classname="Activities.Activities_DELETE_Request" name="getVerifyResponseBody" time="0.001"/>
  <system-out/>
  <testcase classname="Activities.Activities_DELETE_Request" name="getVerifyStatusCode" time="0.000"/>
  <system-out/>
</testsuite> <!-- Activities.Activities_DELETE_Request -->
