<?xml version="1.0" encoding="UTF-8"?>
<!-- Generated by org.testng.reporters.JUnitReportReporter -->
<testsuite hostname="clix-Inspiron-7560" failures="0" tests="3" name="TestCases.Activities_List_GET_Request" time="0.390" errors="0" timestamp="2021-12-07T14:38:40 IST" skipped="0">
  <testcase classname="TestCases.Activities_List_GET_Request" name="getActivityListResponseBodyVerify" time="0.389"/>
  <system-out/>
  <testcase classname="TestCases.Activities_List_GET_Request" name="getActivityListStatusCodeVerify" time="0.000"/>
  <system-out/>
  <testcase classname="TestCases.Activities_List_GET_Request" name="getActivityListResponseHeaderVerify" time="0.001"/>
  <system-out/>
</testsuite> <!-- TestCases.Activities_List_GET_Request -->
