<?xml version="1.0" encoding="UTF-8"?>
<!-- Generated by org.testng.reporters.JUnitReportReporter -->
<testsuite hostname="clix-Inspiron-7560" failures="0" tests="2" name="TestCases.Activities_POST_Request" time="0.505" errors="0" timestamp="2021-12-08T21:42:50 IST" skipped="0">
  <testcase classname="TestCases.Activities_POST_Request" name="getVerifyResponseBody" time="0.503"/>
  <system-out/>
  <testcase classname="TestCases.Activities_POST_Request" name="getVerifyStatusCode" time="0.002"/>
  <system-out/>
</testsuite> <!-- TestCases.Activities_POST_Request -->
