<?xml version="1.0" encoding="UTF-8"?>
<!-- Generated by org.testng.reporters.JUnitReportReporter -->
<testsuite hostname="clix-Inspiron-7560" failures="0" tests="3" name="Activities.Activities_List_GET_Request" time="0.451" errors="0" timestamp="2021-12-08T22:21:59 IST" skipped="0">
  <testcase classname="Activities.Activities_List_GET_Request" name="getActivityListResponseBodyVerify" time="0.448"/>
  <system-out/>
  <testcase classname="Activities.Activities_List_GET_Request" name="getActivityListStatusCodeVerify" time="0.002"/>
  <system-out/>
  <testcase classname="Activities.Activities_List_GET_Request" name="getActivityListResponseHeaderVerify" time="0.001"/>
  <system-out/>
</testsuite> <!-- Activities.Activities_List_GET_Request -->
